-------------------------------------------------------------------------------
Test set: org.example.CalcTest
-------------------------------------------------------------------------------
Tests run: 2, Failures: 1, Errors: 0, Skipped: 0, Time elapsed: 0.036 s <<< FAILURE! - in org.example.CalcTest
testSubtraction  Time elapsed: 0.011 s  <<< FAILURE!
org.opentest4j.AssertionFailedError: 2 - 2 should be 0 ==> expected: <0> but was: <4>
	at org.example.CalcTest.testSubtraction(CalcTest.java:15)

