<?xml version="1.0" encoding="UTF-8"?>
<testsuite xmlns:xsi="http://www.w3.org/2001/XMLSchema-instance" xsi:noNamespaceSchemaLocation="https://maven.apache.org/surefire/maven-surefire-plugin/xsd/surefire-test-report.xsd" name="org.example.CalcTest" time="0.036" tests="2" errors="0" skipped="0" failures="1">
  <properties>
[...]
</properties>
  <testcase name="testAddition" classname="org.example.CalcTest" time="0.025"/>
  <testcase name="testSubtraction" classname="org.example.CalcTest" time="0.011">
    <failure message="2 - 2 should be 0 ==&gt; expected: &lt;0&gt; but was: &lt;4&gt;" type="org.opentest4j.AssertionFailedError"><![CDATA[org.opentest4j.AssertionFailedError: 2 - 2 should be 0 ==> expected: <0> but was: <4>
	at org.example.CalcTest.testSubtraction(CalcTest.java:15)
]]></failure>
  </testcase>
</testsuite>